{
  "RSpec": {
    "coverage": {
      "/Users/andrewgibbs/Projects/tech_tests/global_relay/anagram_finder/spec/feature/feature_spec.rb": [
        1,
        null,
        0,
        0,
        0,
        null,
        0,
        0,
        0,
        0,
        null,
        null,
        null
      ],
      "/Users/andrewgibbs/Projects/tech_tests/global_relay/anagram_finder/spec/unit/anagram_finder_spec.rb": [
        1,
        null,
        1,
        1,
        1,
        1,
        null,
        1,
        1,
        0,
        null,
        null,
        null
      ],
      "/Users/andrewgibbs/Projects/tech_tests/global_relay/anagram_finder/lib/anagram_finder.rb": [
        null,
        null,
        null,
        1,
        1,
        0,
        0,
        0,
        0,
        null,
        0,
        null,
        0,
        null,
        null
      ],
      "/Users/andrewgibbs/Projects/tech_tests/global_relay/anagram_finder/spec/unit/convert_file_to_array_spec.rb": [
        1,
        null,
        1,
        1,
        1,
        1,
        null,
        1,
        1,
        0,
        null,
        null,
        null
      ],
      "/Users/andrewgibbs/Projects/tech_tests/global_relay/anagram_finder/lib/convert_file_to_array.rb": [
        null,
        null,
        1,
        1,
        0,
        0,
        0,
        null,
        0,
        null,
        null
      ],
      "/Users/andrewgibbs/Projects/tech_tests/global_relay/anagram_finder/spec/unit/inputs_spec.rb": [
        1,
        null,
        1,
        1,
        1,
        1,
        0,
        null,
        null,
        1,
        0,
        null,
        null,
        1,
        0,
        0,
        null,
        null,
        null,
        1,
        1,
        0,
        0,
        0,
        0,
        null,
        null,
        null
      ],
      "/Users/andrewgibbs/Projects/tech_tests/global_relay/anagram_finder/lib/inputs.rb": [
        null,
        1,
        1,
        0,
        null,
        null,
        1,
        0,
        null,
        null
      ],
      "/Users/andrewgibbs/Projects/tech_tests/global_relay/anagram_finder/spec/unit/printer_spec.rb": [
        1,
        null,
        1,
        1,
        1,
        null,
        1,
        1,
        0,
        null,
        null,
        null
      ],
      "/Users/andrewgibbs/Projects/tech_tests/global_relay/anagram_finder/lib/printer.rb": [
        null,
        null,
        1,
        1,
        0,
        null,
        null
      ]
    },
    "timestamp": 1544628768
  }
}
