{
  "RSpec": {
    "coverage": {
      "/Users/andrewgibbs/Projects/tech_tests/global_relay/anagram_finder/spec/unit/inputs_spec.rb": [
        1,
        null,
        1,
        1,
        1,
        1,
        1,
        null,
        null,
        1,
        1,
        null,
        null,
        1,
        1,
        1,
        null,
        null,
        null,
        null
      ],
      "/Users/andrewgibbs/Projects/tech_tests/global_relay/anagram_finder/lib/inputs.rb": [
        1,
        null,
        1,
        1,
        null,
        null,
        null
      ]
    },
    "timestamp": 1544625413
  }
}
